[36mINFO   [0m[2025-06-26T17:41:03+05:00] 🚀 Запуск анализатора активности блокчейна    
[36mINFO   [0m[2025-06-26T17:41:03+05:00] Успешное подключение к базе данных PostgreSQL 
[36mINFO   [0m[2025-06-26T17:41:03+05:00] Миграции выполнены успешно                   
[31mFATAL  [0m[2025-06-26T17:41:03+05:00] Ошибка подключения к Ethereum: invalid hex character 'x' in private key 
[36mINFO   [0m[2025-06-26T17:41:59+05:00] 🚀 Запуск анализатора активности блокчейна    
[36mINFO   [0m[2025-06-26T17:41:59+05:00] Успешное подключение к базе данных PostgreSQL 
[36mINFO   [0m[2025-06-26T17:41:59+05:00] Миграции выполнены успешно                   
[36mINFO   [0m[2025-06-26T17:41:59+05:00] Подключение к Ethereum RPC: http://localhost:8545 
[36mINFO   [0m[2025-06-26T17:41:59+05:00] Chain ID: 31337                              
[36mINFO   [0m[2025-06-26T17:41:59+05:00] Адрес кошелька: 0xf39Fd6e51aad88F6F4ce6aB8827279cffFb92266 
[36mINFO   [0m[2025-06-26T17:41:59+05:00] 📋 Используем ERC20 контракт: 0xe7f1725E7734CE288F8367e1Bb143E90bb3F0512 
[36mINFO   [0m[2025-06-26T17:41:59+05:00] Подключение к Ethereum RPC: http://localhost:8545 
[36mINFO   [0m[2025-06-26T17:41:59+05:00] Chain ID: 31337                              
[36mINFO   [0m[2025-06-26T17:41:59+05:00] Адрес кошелька: 0xf39Fd6e51aad88F6F4ce6aB8827279cffFb92266 
[36mINFO   [0m[2025-06-26T17:41:59+05:00] Запуск анализатора блокчейн активности...    
[36mINFO   [0m[2025-06-26T17:41:59+05:00] Начинаем прослушивание событий контракта: 0xe7f1725E7734CE288F8367e1Bb143E90bb3F0512 (polling mode) 
[36mINFO   [0m[2025-06-26T17:41:59+05:00] Анализатор успешно запущен                   
[36mINFO   [0m[2025-06-26T17:41:59+05:00] 📡 Анализатор работает. Нажмите Ctrl+C для остановки... 
[36mINFO   [0m[2025-06-26T17:42:37+05:00] 🛑 Получен сигнал остановки. Завершаем работу... 
[36mINFO   [0m[2025-06-26T17:42:37+05:00] Анализатор остановлен                        
[36mINFO   [0m[2025-06-26T17:42:37+05:00] Остановка прослушивания событий              
[36mINFO   [0m[2025-06-26T17:42:37+05:00] Остановка мониторинга транзакций             
[36mINFO   [0m[2025-06-26T17:42:37+05:00] 👋 Анализатор остановлен                      
[36mINFO   [0m[2025-06-26T21:26:14+05:00] 🚀 Запуск анализатора активности блокчейна    
[33mWARNING[0m[2025-06-26T21:26:14+05:00] Файл .env не найден, используем переменные окружения 
[36mINFO   [0m[2025-06-26T21:26:14+05:00] Успешное подключение к базе данных PostgreSQL 
[36mINFO   [0m[2025-06-26T21:26:14+05:00] Миграции выполнены успешно                   
[36mINFO   [0m[2025-06-26T21:26:14+05:00] Подключение к Ethereum RPC: http://localhost:8545 
[36mINFO   [0m[2025-06-26T21:26:14+05:00] Chain ID: 31337                              
[36mINFO   [0m[2025-06-26T21:26:14+05:00] 📋 Используем ERC20 контракт: 0xe7f1725E7734CE288F8367e1Bb143E90bb3F0512 
[36mINFO   [0m[2025-06-26T21:26:14+05:00] Подключение к Ethereum RPC: http://localhost:8545 
[36mINFO   [0m[2025-06-26T21:26:14+05:00] Chain ID: 31337                              
[36mINFO   [0m[2025-06-26T21:26:14+05:00] Запуск анализатора блокчейн активности...    
[36mINFO   [0m[2025-06-26T21:26:14+05:00] Начинаем прослушивание событий контракта: 0xe7f1725E7734CE288F8367e1Bb143E90bb3F0512 (polling mode) 
[36mINFO   [0m[2025-06-26T21:26:14+05:00] Анализатор успешно запущен                   
[36mINFO   [0m[2025-06-26T21:26:14+05:00] 📡 Анализатор работает. Нажмите Ctrl+C для остановки... 
[36mINFO   [0m[2025-06-26T21:31:57+05:00] 🚀 Запуск анализатора активности блокчейна    
[33mWARNING[0m[2025-06-26T21:31:57+05:00] Файл .env не найден, используем переменные окружения 
[36mINFO   [0m[2025-06-26T21:31:57+05:00] Успешное подключение к базе данных PostgreSQL 
[36mINFO   [0m[2025-06-26T21:31:57+05:00] Миграции выполнены успешно                   
[36mINFO   [0m[2025-06-26T21:31:57+05:00] Подключение к Ethereum RPC: http://localhost:8545 
[36mINFO   [0m[2025-06-26T21:31:57+05:00] Chain ID: 31337                              
[36mINFO   [0m[2025-06-26T21:31:57+05:00] 📋 Используем ERC20 контракт: 0xe7f1725E7734CE288F8367e1Bb143E90bb3F0512 
[36mINFO   [0m[2025-06-26T21:31:57+05:00] Подключение к Ethereum RPC: http://localhost:8545 
[36mINFO   [0m[2025-06-26T21:31:57+05:00] Chain ID: 31337                              
[36mINFO   [0m[2025-06-26T21:31:57+05:00] Запуск анализатора блокчейн активности...    
[36mINFO   [0m[2025-06-26T21:31:57+05:00] Начинаем прослушивание событий контракта: 0xe7f1725E7734CE288F8367e1Bb143E90bb3F0512 (polling mode) 
[36mINFO   [0m[2025-06-26T21:31:57+05:00] Анализатор успешно запущен                   
[36mINFO   [0m[2025-06-26T21:31:57+05:00] 📡 Анализатор работает. Нажмите Ctrl+C для остановки... 
[36mINFO   [0m[2025-06-26T21:32:46+05:00] 🚀 Запуск анализатора активности блокчейна    
[33mWARNING[0m[2025-06-26T21:32:46+05:00] Файл .env не найден, используем переменные окружения 
[36mINFO   [0m[2025-06-26T21:32:46+05:00] Успешное подключение к базе данных PostgreSQL 
[36mINFO   [0m[2025-06-26T21:32:46+05:00] Миграции выполнены успешно                   
[36mINFO   [0m[2025-06-26T21:32:46+05:00] Подключение к Ethereum RPC: http://localhost:8545 
[36mINFO   [0m[2025-06-26T21:32:46+05:00] Chain ID: 31337                              
[36mINFO   [0m[2025-06-26T21:32:46+05:00] 📋 Используем ERC20 контракт: 0x5FbDB2315678afecb367f032d93F642f64180aa3 
[36mINFO   [0m[2025-06-26T21:32:46+05:00] Подключение к Ethereum RPC: http://localhost:8545 
[36mINFO   [0m[2025-06-26T21:32:46+05:00] Chain ID: 31337                              
[36mINFO   [0m[2025-06-26T21:32:46+05:00] Запуск анализатора блокчейн активности...    
[36mINFO   [0m[2025-06-26T21:32:46+05:00] Начинаем прослушивание событий контракта: 0x5FbDB2315678afecb367f032d93F642f64180aa3 (polling mode) 
[36mINFO   [0m[2025-06-26T21:32:46+05:00] Анализатор успешно запущен                   
[36mINFO   [0m[2025-06-26T21:32:46+05:00] 📡 Анализатор работает. Нажмите Ctrl+C для остановки... 
[36mINFO   [0m[2025-06-26T21:33:48+05:00] ERC20 Transfer: 0xf39Fd6e51aad88F6F4ce6aB8827279cffFb92266 -> 0x70997970C51812dc3A010C7d01b50e0d17dc79C8, Amount: 1234, TxHash: 0xd914ade42494f1c37bc6f0cfc41e1bc328a9764c8473d8e3ac7318dfd58983b9 
[36mINFO   [0m[2025-06-26T21:34:04+05:00] ERC20 Transfer: 0xf39Fd6e51aad88F6F4ce6aB8827279cffFb92266 -> 0x70997970C51812dc3A010C7d01b50e0d17dc79C8, Amount: 1234, TxHash: 0x751421aae10af853885ee27789eedd8fd87552ed6404d042c4e50aa681033f10 
[36mINFO   [0m[2025-06-26T21:34:06+05:00] ERC20 Transfer: 0xf39Fd6e51aad88F6F4ce6aB8827279cffFb92266 -> 0x70997970C51812dc3A010C7d01b50e0d17dc79C8, Amount: 1234, TxHash: 0x801c07b52d90e1a4e6941e0b9afa85a114a9e70092e7b333bf49c7a956cd4772 
[31mERROR  [0m[2025-06-26T21:42:27+05:00] Ошибка обработки последнего блока: Post "http://localhost:8545": dial tcp [::1]:8545: connect: connection refused 
[31mERROR  [0m[2025-06-26T21:42:27+05:00] Ошибка опроса событий: Post "http://localhost:8545": dial tcp [::1]:8545: connect: connection refused 
[31mERROR  [0m[2025-06-26T21:42:28+05:00] Ошибка опроса событий: Post "http://localhost:8545": dial tcp [::1]:8545: connect: connection refused 
[31mERROR  [0m[2025-06-26T21:42:29+05:00] Ошибка опроса событий: Post "http://localhost:8545": dial tcp [::1]:8545: connect: connection refused 
[31mERROR  [0m[2025-06-26T21:42:30+05:00] Ошибка опроса событий: Post "http://localhost:8545": dial tcp [::1]:8545: connect: connection refused 
[31mERROR  [0m[2025-06-26T21:42:32+05:00] Ошибка опроса событий: Post "http://localhost:8545": dial tcp [::1]:8545: connect: connection refused 
[36mINFO   [0m[2025-06-26T21:45:54+05:00] 🚀 Запуск анализатора активности блокчейна    
[33mWARNING[0m[2025-06-26T21:45:54+05:00] Файл .env не найден, используем переменные окружения 
[36mINFO   [0m[2025-06-26T21:45:54+05:00] Успешное подключение к базе данных PostgreSQL 
[36mINFO   [0m[2025-06-26T21:45:54+05:00] Миграции выполнены успешно                   
[36mINFO   [0m[2025-06-26T21:45:54+05:00] Подключение к Ethereum RPC: http://localhost:8545 
[36mINFO   [0m[2025-06-26T21:45:54+05:00] Chain ID: 31337                              
[36mINFO   [0m[2025-06-26T21:45:54+05:00] 📋 Используем ERC20 контракт: 0x5FbDB2315678afecb367f032d93F642f64180aa3 
[36mINFO   [0m[2025-06-26T21:45:54+05:00] Подключение к Ethereum RPC: http://localhost:8545 
[36mINFO   [0m[2025-06-26T21:45:54+05:00] Chain ID: 31337                              
[36mINFO   [0m[2025-06-26T21:45:54+05:00] Запуск анализатора блокчейн активности...    
[36mINFO   [0m[2025-06-26T21:45:54+05:00] Начинаем прослушивание событий контракта: 0x5FbDB2315678afecb367f032d93F642f64180aa3 (polling mode) 
[36mINFO   [0m[2025-06-26T21:45:54+05:00] Анализатор успешно запущен                   
[36mINFO   [0m[2025-06-26T21:45:54+05:00] 📡 Анализатор работает. Нажмите Ctrl+C для остановки... 
[36mINFO   [0m[2025-06-26T21:46:04+05:00] ERC20 Transfer: 0xf39Fd6e51aad88F6F4ce6aB8827279cffFb92266 -> 0x70997970C51812dc3A010C7d01b50e0d17dc79C8, Amount: 2500, TxHash: 0x1403b7f9e0802d3ee61c3a4ab71d7b34610f130b2efcbdfe97175a8e9cb1d950 
[36mINFO   [0m[2025-06-26T21:51:21+05:00] 🚀 Запуск анализатора активности блокчейна    
[33mWARNING[0m[2025-06-26T21:51:21+05:00] Файл .env не найден, используем переменные окружения 
[36mINFO   [0m[2025-06-26T21:51:21+05:00] Успешное подключение к базе данных PostgreSQL 
[36mINFO   [0m[2025-06-26T21:51:21+05:00] Миграции выполнены успешно                   
[36mINFO   [0m[2025-06-26T21:51:21+05:00] Подключение к Ethereum RPC: http://localhost:8545 
[36mINFO   [0m[2025-06-26T21:51:21+05:00] Chain ID: 31337                              
[36mINFO   [0m[2025-06-26T21:51:21+05:00] 📋 Используем ERC20 контракт: 0xCf7Ed3AccA5a467e9e704C703E8D87F634fB0Fc9 
[36mINFO   [0m[2025-06-26T21:51:21+05:00] Подключение к Ethereum RPC: http://localhost:8545 
[36mINFO   [0m[2025-06-26T21:51:21+05:00] Chain ID: 31337                              
[36mINFO   [0m[2025-06-26T21:51:21+05:00] Запуск анализатора блокчейн активности...    
[36mINFO   [0m[2025-06-26T21:51:21+05:00] Начинаем прослушивание событий контракта: 0xCf7Ed3AccA5a467e9e704C703E8D87F634fB0Fc9 (polling mode) 
[36mINFO   [0m[2025-06-26T21:51:21+05:00] Анализатор успешно запущен                   
[36mINFO   [0m[2025-06-26T21:51:21+05:00] 📡 Анализатор работает. Нажмите Ctrl+C для остановки... 
[36mINFO   [0m[2025-06-26T21:53:00+05:00] 🚀 Запуск анализатора активности блокчейна    
[33mWARNING[0m[2025-06-26T21:53:00+05:00] Файл .env не найден, используем переменные окружения 
[36mINFO   [0m[2025-06-26T21:53:00+05:00] Успешное подключение к базе данных PostgreSQL 
[36mINFO   [0m[2025-06-26T21:53:00+05:00] Миграции выполнены успешно                   
[36mINFO   [0m[2025-06-26T21:53:00+05:00] Подключение к Ethereum RPC: http://localhost:8545 
[36mINFO   [0m[2025-06-26T21:53:00+05:00] Chain ID: 31337                              
[36mINFO   [0m[2025-06-26T21:53:00+05:00] 📋 Используем ERC20 контракт: 0x5FbDB2315678afecb367f032d93F642f64180aa3 
[36mINFO   [0m[2025-06-26T21:53:00+05:00] Подключение к Ethereum RPC: http://localhost:8545 
[36mINFO   [0m[2025-06-26T21:53:00+05:00] Chain ID: 31337                              
[36mINFO   [0m[2025-06-26T21:53:00+05:00] Запуск анализатора блокчейн активности...    
[36mINFO   [0m[2025-06-26T21:53:00+05:00] Начинаем прослушивание событий контракта: 0x5FbDB2315678afecb367f032d93F642f64180aa3 (polling mode) 
[36mINFO   [0m[2025-06-26T21:53:00+05:00] Анализатор успешно запущен                   
[36mINFO   [0m[2025-06-26T21:53:00+05:00] 📡 Анализатор работает. Нажмите Ctrl+C для остановки... 
[36mINFO   [0m[2025-06-26T21:53:58+05:00] ERC20 Transfer: 0xf39Fd6e51aad88F6F4ce6aB8827279cffFb92266 -> 0x70997970C51812dc3A010C7d01b50e0d17dc79C8, Amount: 1000, TxHash: 0xfd03888ea73bc2a93876161e196e7796fa9c9fd42077544d550438b00a61c73a 
[36mINFO   [0m[2025-06-26T21:53:58+05:00] ERC20 Transfer: 0xf39Fd6e51aad88F6F4ce6aB8827279cffFb92266 -> 0x3C44CdDdB6a900fa2b585dd299e03d12FA4293BC, Amount: 2000, TxHash: 0x31dd69c6b06f8e0bbf325d5e5025000107589644f5843dbd2c8a4ad5f63497c6 
[36mINFO   [0m[2025-06-26T21:53:58+05:00] ERC20 Transfer: 0xf39Fd6e51aad88F6F4ce6aB8827279cffFb92266 -> 0x70997970C51812dc3A010C7d01b50e0d17dc79C8, Amount: 500, TxHash: 0xa43c23ba69d3e2301d9b2ee157713a82466be22b3e1f43b850f2586d4a5a6228 
[31mERROR  [0m[2025-06-26T21:56:36+05:00] Ошибка опроса событий: Post "http://localhost:8545": EOF 
[36mINFO   [0m[2025-06-26T22:00:10+05:00] 🚀 Запуск анализатора активности блокчейна    
[33mWARNING[0m[2025-06-26T22:00:10+05:00] Файл .env не найден, используем переменные окружения 
[36mINFO   [0m[2025-06-26T22:00:10+05:00] Успешное подключение к базе данных PostgreSQL 
[36mINFO   [0m[2025-06-26T22:00:10+05:00] Миграции выполнены успешно                   
[36mINFO   [0m[2025-06-26T22:00:10+05:00] Подключение к Ethereum RPC: http://localhost:8545 
[36mINFO   [0m[2025-06-26T22:00:10+05:00] Chain ID: 31337                              
[36mINFO   [0m[2025-06-26T22:00:10+05:00] 📋 Используем ERC20 контракт: 0x5FbDB2315678afecb367f032d93F642f64180aa3 
[36mINFO   [0m[2025-06-26T22:00:10+05:00] Подключение к Ethereum RPC: http://localhost:8545 
[36mINFO   [0m[2025-06-26T22:00:10+05:00] Chain ID: 31337                              
[36mINFO   [0m[2025-06-26T22:00:10+05:00] Запуск анализатора блокчейн активности...    
[36mINFO   [0m[2025-06-26T22:00:10+05:00] Начинаем прослушивание событий контракта: 0x5FbDB2315678afecb367f032d93F642f64180aa3 (polling mode) 
[36mINFO   [0m[2025-06-26T22:00:10+05:00] Анализатор успешно запущен                   
[36mINFO   [0m[2025-06-26T22:00:10+05:00] 📡 Анализатор работает. Нажмите Ctrl+C для остановки... 
[31mERROR  [0m[2025-06-26T22:00:12+05:00] Ошибка опроса событий: Post "http://localhost:8545": dial tcp [::1]:8545: connect: connection refused 
[31mERROR  [0m[2025-06-26T22:00:14+05:00] Ошибка опроса событий: Post "http://localhost:8545": dial tcp [::1]:8545: connect: connection refused 
[31mERROR  [0m[2025-06-26T22:00:16+05:00] Ошибка опроса событий: Post "http://localhost:8545": dial tcp [::1]:8545: connect: connection refused 
[31mERROR  [0m[2025-06-26T22:00:18+05:00] Ошибка опроса событий: Post "http://localhost:8545": dial tcp [::1]:8545: connect: connection refused 
[31mERROR  [0m[2025-06-26T22:00:20+05:00] Ошибка опроса событий: Post "http://localhost:8545": dial tcp [::1]:8545: connect: connection refused 
[31mERROR  [0m[2025-06-26T22:00:20+05:00] Ошибка обработки последнего блока: Post "http://localhost:8545": dial tcp [::1]:8545: connect: connection refused 
[31mERROR  [0m[2025-06-26T22:00:22+05:00] Ошибка опроса событий: Post "http://localhost:8545": dial tcp [::1]:8545: connect: connection refused 
[31mERROR  [0m[2025-06-26T22:00:24+05:00] Ошибка опроса событий: Post "http://localhost:8545": dial tcp [::1]:8545: connect: connection refused 
[31mERROR  [0m[2025-06-26T22:00:26+05:00] Ошибка опроса событий: Post "http://localhost:8545": dial tcp [::1]:8545: connect: connection refused 
[31mERROR  [0m[2025-06-26T22:00:28+05:00] Ошибка опроса событий: Post "http://localhost:8545": dial tcp [::1]:8545: connect: connection refused 
[31mERROR  [0m[2025-06-26T22:00:30+05:00] Ошибка обработки последнего блока: Post "http://localhost:8545": dial tcp [::1]:8545: connect: connection refused 
[31mERROR  [0m[2025-06-26T22:00:30+05:00] Ошибка опроса событий: Post "http://localhost:8545": dial tcp [::1]:8545: connect: connection refused 
[31mERROR  [0m[2025-06-26T22:00:32+05:00] Ошибка опроса событий: Post "http://localhost:8545": dial tcp [::1]:8545: connect: connection refused 
[31mERROR  [0m[2025-06-26T22:00:34+05:00] Ошибка опроса событий: Post "http://localhost:8545": dial tcp [::1]:8545: connect: connection refused 
[31mERROR  [0m[2025-06-26T22:00:36+05:00] Ошибка опроса событий: Post "http://localhost:8545": dial tcp [::1]:8545: connect: connection refused 
[31mERROR  [0m[2025-06-26T22:00:38+05:00] Ошибка опроса событий: Post "http://localhost:8545": dial tcp [::1]:8545: connect: connection refused 
[31mERROR  [0m[2025-06-26T22:00:40+05:00] Ошибка обработки последнего блока: Post "http://localhost:8545": dial tcp [::1]:8545: connect: connection refused 
[31mERROR  [0m[2025-06-26T22:00:40+05:00] Ошибка опроса событий: Post "http://localhost:8545": dial tcp [::1]:8545: connect: connection refused 
[31mERROR  [0m[2025-06-26T22:00:42+05:00] Ошибка опроса событий: Post "http://localhost:8545": dial tcp [::1]:8545: connect: connection refused 
[31mERROR  [0m[2025-06-26T22:00:44+05:00] Ошибка опроса событий: Post "http://localhost:8545": dial tcp [::1]:8545: connect: connection refused 
[31mERROR  [0m[2025-06-26T22:00:46+05:00] Ошибка опроса событий: Post "http://localhost:8545": dial tcp [::1]:8545: connect: connection refused 
[31mERROR  [0m[2025-06-26T22:00:48+05:00] Ошибка опроса событий: Post "http://localhost:8545": dial tcp [::1]:8545: connect: connection refused 
[31mERROR  [0m[2025-06-26T22:00:50+05:00] Ошибка опроса событий: Post "http://localhost:8545": dial tcp [::1]:8545: connect: connection refused 
[31mERROR  [0m[2025-06-26T22:00:50+05:00] Ошибка обработки последнего блока: Post "http://localhost:8545": dial tcp [::1]:8545: connect: connection refused 
[31mERROR  [0m[2025-06-26T22:00:52+05:00] Ошибка опроса событий: Post "http://localhost:8545": dial tcp [::1]:8545: connect: connection refused 
[31mERROR  [0m[2025-06-26T22:00:54+05:00] Ошибка опроса событий: Post "http://localhost:8545": dial tcp [::1]:8545: connect: connection refused 
[31mERROR  [0m[2025-06-26T22:00:56+05:00] Ошибка опроса событий: Post "http://localhost:8545": dial tcp [::1]:8545: connect: connection refused 
[31mERROR  [0m[2025-06-26T22:00:58+05:00] Ошибка опроса событий: Post "http://localhost:8545": dial tcp [::1]:8545: connect: connection refused 
[31mERROR  [0m[2025-06-26T22:01:00+05:00] Ошибка опроса событий: Post "http://localhost:8545": dial tcp [::1]:8545: connect: connection refused 
[31mERROR  [0m[2025-06-26T22:01:00+05:00] Ошибка обработки последнего блока: Post "http://localhost:8545": dial tcp [::1]:8545: connect: connection refused 
[31mERROR  [0m[2025-06-26T22:01:02+05:00] Ошибка опроса событий: Post "http://localhost:8545": dial tcp [::1]:8545: connect: connection refused 
[31mERROR  [0m[2025-06-26T22:01:04+05:00] Ошибка опроса событий: Post "http://localhost:8545": dial tcp [::1]:8545: connect: connection refused 
[31mERROR  [0m[2025-06-26T22:01:06+05:00] Ошибка опроса событий: Post "http://localhost:8545": dial tcp [::1]:8545: connect: connection refused 
[31mERROR  [0m[2025-06-26T22:01:08+05:00] Ошибка опроса событий: Post "http://localhost:8545": dial tcp [::1]:8545: connect: connection refused 
